c:\x-cpp\primoscpp\x64\debug\vc142.pdb
c:\x-cpp\primoscpp\x64\debug\vc142.idb
c:\x-cpp\primoscpp\x64\debug\main.obj
c:\x-cpp\primoscpp\x64\debug\prompt.obj
c:\x-cpp\primoscpp\x64\debug\primoscpp.obj
c:\x-cpp\primoscpp\x64\debug\acciones.obj
c:\x-cpp\primoscpp\x64\debug\macros.obj
c:\x-cpp\primoscpp\x64\debug\primoscpp.pdb
c:\x-cpp\primoscpp\x64\debug\primoscpp.tlog\cl.command.1.tlog
c:\x-cpp\primoscpp\x64\debug\primoscpp.tlog\cl.read.1.tlog
c:\x-cpp\primoscpp\x64\debug\primoscpp.tlog\cl.write.1.tlog
c:\x-cpp\primoscpp\x64\debug\primoscpp.tlog\link.9300-cvtres.read.1.tlog
c:\x-cpp\primoscpp\x64\debug\primoscpp.tlog\link.9300-cvtres.write.1.tlog
c:\x-cpp\primoscpp\x64\debug\primoscpp.tlog\link.9300-rc.read.1.tlog
c:\x-cpp\primoscpp\x64\debug\primoscpp.tlog\link.9300-rc.write.1.tlog
c:\x-cpp\primoscpp\x64\debug\primoscpp.tlog\link.9300.read.1.tlog
c:\x-cpp\primoscpp\x64\debug\primoscpp.tlog\link.9300.write.1.tlog
c:\x-cpp\primoscpp\x64\debug\primoscpp.tlog\link.command.1.tlog
c:\x-cpp\primoscpp\x64\debug\primoscpp.tlog\link.read.1.tlog
c:\x-cpp\primoscpp\x64\debug\primoscpp.tlog\link.write.1.tlog
